2016-09-16 04:08:54.317 [main] INFO  io.egreen.apistudio.bootstrap.ApiStudio - API-STUDIO STARTED...
2016-09-16 04:08:54.433 [main] DEBUG org.jboss.logging - Logging Provider: org.jboss.logging.Log4j2LoggerProvider
2016-09-16 04:08:54.458 [main] INFO  org.jboss.weld.Version - WELD-000900: 3.0.0 (Alpha16)
2016-09-16 04:08:54.761 [main] DEBUG org.jboss.weld.Bootstrap - WELD-ENV-000030: Cannot load class using the ResourceLoader: org.jboss.jandex.Index
2016-09-16 04:08:54.981 [main] DEBUG org.jboss.weld.environment.deployment.discovery.DefaultBeanArchiveScanner - Resolved bean archive reference: C:\Users\Pramode Wimukthi\IdeaProjects\sales_automation_service\platform\build\resources\main for URL: file:/C:/Users/Pramode%20Wimukthi/IdeaProjects/sales_automation_service/platform/build/resources/main/META-INF/beans.xml
2016-09-16 04:08:55.022 [main] DEBUG org.jboss.weld.environment.deployment.discovery.DefaultBeanArchiveScanner - Resolved bean archive reference: C:\Users\Pramode Wimukthi\IdeaProjects\sales_automation_service\products\build\resources\main for URL: file:/C:/Users/Pramode%20Wimukthi/IdeaProjects/sales_automation_service/products/build/resources/main/META-INF/beans.xml
2016-09-16 04:08:55.069 [main] DEBUG org.jboss.weld.environment.deployment.discovery.DefaultBeanArchiveScanner - Resolved bean archive reference: /C:/Users/Pramode Wimukthi/.gradle/caches/modules-2/files-2.1/org.glassfish.jersey.ext.cdi/jersey-weld2-se/2.23.1/a6ceb9a9eecf27009706591bf495cd6dc31d8128/jersey-weld2-se-2.23.1.jar for URL: jar:file:/C:/Users/Pramode%20Wimukthi/.gradle/caches/modules-2/files-2.1/org.glassfish.jersey.ext.cdi/jersey-weld2-se/2.23.1/a6ceb9a9eecf27009706591bf495cd6dc31d8128/jersey-weld2-se-2.23.1.jar!/META-INF/beans.xml
2016-09-16 04:08:55.076 [main] DEBUG org.jboss.weld.Bootstrap - WELD-ENV-000032: Processing bean archive reference: C:\Users\Pramode Wimukthi\IdeaProjects\sales_automation_service\platform\build\resources\main
2016-09-16 04:08:55.079 [main] DEBUG org.jboss.weld.environment.deployment.discovery.FileSystemBeanArchiveHandler - Handle path: C:\Users\Pramode Wimukthi\IdeaProjects\sales_automation_service\platform\build\resources\main
2016-09-16 04:08:55.081 [main] DEBUG org.jboss.weld.environment.deployment.discovery.FileSystemBeanArchiveHandler - Handle directory: C:\Users\Pramode Wimukthi\IdeaProjects\sales_automation_service\platform\build\resources\main
2016-09-16 04:08:55.082 [main] DEBUG org.jboss.weld.environment.deployment.discovery.FileSystemBeanArchiveHandler - Handle directory: C:\Users\Pramode Wimukthi\IdeaProjects\sales_automation_service\platform\build\resources\main\META-INF
2016-09-16 04:08:55.084 [main] DEBUG org.jboss.weld.Bootstrap - WELD-ENV-000039: Bean archive reference C:\Users\Pramode Wimukthi\IdeaProjects\sales_automation_service\platform\build\resources\main handled by org.jboss.weld.environment.deployment.discovery.FileSystemBeanArchiveHandler@1a20f67
2016-09-16 04:08:55.084 [main] DEBUG org.jboss.weld.Bootstrap - WELD-ENV-000032: Processing bean archive reference: C:\Users\Pramode Wimukthi\IdeaProjects\sales_automation_service\products\build\resources\main
2016-09-16 04:08:55.085 [main] DEBUG org.jboss.weld.environment.deployment.discovery.FileSystemBeanArchiveHandler - Handle path: C:\Users\Pramode Wimukthi\IdeaProjects\sales_automation_service\products\build\resources\main
2016-09-16 04:08:55.085 [main] DEBUG org.jboss.weld.environment.deployment.discovery.FileSystemBeanArchiveHandler - Handle directory: C:\Users\Pramode Wimukthi\IdeaProjects\sales_automation_service\products\build\resources\main
2016-09-16 04:08:55.085 [main] DEBUG org.jboss.weld.environment.deployment.discovery.FileSystemBeanArchiveHandler - Handle directory: C:\Users\Pramode Wimukthi\IdeaProjects\sales_automation_service\products\build\resources\main\META-INF
2016-09-16 04:08:55.086 [main] DEBUG org.jboss.weld.Bootstrap - WELD-ENV-000039: Bean archive reference C:\Users\Pramode Wimukthi\IdeaProjects\sales_automation_service\products\build\resources\main handled by org.jboss.weld.environment.deployment.discovery.FileSystemBeanArchiveHandler@1a20f67
2016-09-16 04:08:55.086 [main] DEBUG org.jboss.weld.Bootstrap - WELD-ENV-000032: Processing bean archive reference: /C:/Users/Pramode Wimukthi/.gradle/caches/modules-2/files-2.1/org.glassfish.jersey.ext.cdi/jersey-weld2-se/2.23.1/a6ceb9a9eecf27009706591bf495cd6dc31d8128/jersey-weld2-se-2.23.1.jar
2016-09-16 04:08:55.086 [main] DEBUG org.jboss.weld.environment.deployment.discovery.FileSystemBeanArchiveHandler - Handle path: /C:/Users/Pramode Wimukthi/.gradle/caches/modules-2/files-2.1/org.glassfish.jersey.ext.cdi/jersey-weld2-se/2.23.1/a6ceb9a9eecf27009706591bf495cd6dc31d8128/jersey-weld2-se-2.23.1.jar
2016-09-16 04:08:55.086 [main] DEBUG org.jboss.weld.environment.deployment.discovery.FileSystemBeanArchiveHandler - Handle archive file: C:\Users\Pramode Wimukthi\.gradle\caches\modules-2\files-2.1\org.glassfish.jersey.ext.cdi\jersey-weld2-se\2.23.1\a6ceb9a9eecf27009706591bf495cd6dc31d8128\jersey-weld2-se-2.23.1.jar
2016-09-16 04:08:55.091 [main] DEBUG org.jboss.weld.Bootstrap - WELD-ENV-000039: Bean archive reference /C:/Users/Pramode Wimukthi/.gradle/caches/modules-2/files-2.1/org.glassfish.jersey.ext.cdi/jersey-weld2-se/2.23.1/a6ceb9a9eecf27009706591bf495cd6dc31d8128/jersey-weld2-se-2.23.1.jar handled by org.jboss.weld.environment.deployment.discovery.FileSystemBeanArchiveHandler@1a20f67
2016-09-16 04:08:55.097 [main] DEBUG org.jboss.weld.environment.deployment.discovery.AbstractDiscoveryStrategy - Empty bean deployment archive ignored: C:\Users\Pramode Wimukthi\IdeaProjects\sales_automation_service\platform\build\resources\main
2016-09-16 04:08:55.097 [main] DEBUG org.jboss.weld.environment.deployment.discovery.AbstractDiscoveryStrategy - Empty bean deployment archive ignored: C:\Users\Pramode Wimukthi\IdeaProjects\sales_automation_service\products\build\resources\main
2016-09-16 04:08:55.107 [main] DEBUG org.jboss.weld.Bootstrap - WELD-ENV-002004: Scanning package io.egreen.apistudio.datalayer.mongodb, class resource: jar:file:/C:/Users/Pramode%20Wimukthi/.gradle/caches/modules-2/files-2.1/io.egreen.apistudio/mongo-datalayer/0.0.8/1c129b09fed19e25dfd8f5de76287330b4185ef2/mongo-datalayer-0.0.8.jar!/io/egreen/apistudio/datalayer/mongodb/MongoModuleInitializer.class
2016-09-16 04:08:55.109 [main] DEBUG org.jboss.weld.Bootstrap - WELD-ENV-002004: Scanning package io.egreen.erp, class resource: file:/C:/Users/Pramode%20Wimukthi/IdeaProjects/sales_automation_service/platform/build/classes/main/io/egreen/erp/SalesPlatform.class
2016-09-16 04:08:55.153 [main] DEBUG org.jboss.weld.Bootstrap - WELD-ENV-002004: Scanning package io.egreen.apistudio.bootstrap, class resource: jar:file:/C:/Users/Pramode%20Wimukthi/.gradle/caches/modules-2/files-2.1/io.egreen.apistudio/bootstrap/0.1/a29075cfa62f9f24db404765efdfd12b85c5867e/bootstrap-0.1.jar!/io/egreen/apistudio/bootstrap/ApiStudio.class
2016-09-16 04:08:55.166 [main] DEBUG org.jboss.weld.Bootstrap - WELD-ENV-000024: Archive isolation enabled - creating multiple isolated bean archives if needed
2016-09-16 04:08:55.252 [main] DEBUG org.jboss.weld.Configuration - WELD-001906: ResourceLoader not specified for WeldBeanDeploymentArchive [id=org.jboss.weld.environment.deployment.WeldDeployment.synthetic], file properties will not be loaded
2016-09-16 04:08:55.254 [main] DEBUG org.jboss.weld.Configuration - WELD-001906: ResourceLoader not specified for WeldBeanDeploymentArchive [id=org.jboss.weld.environment.deployment.WeldDeployment.synthetic], file properties will not be loaded
2016-09-16 04:08:55.265 [main] DEBUG org.jboss.weld.Configuration - WELD-001906: ResourceLoader not specified for WeldBeanDeploymentArchive [id=org.jboss.weld.environment.deployment.WeldDeployment.synthetic], file properties will not be loaded
2016-09-16 04:08:55.268 [main] DEBUG org.jboss.weld.Configuration - WELD-001906: ResourceLoader not specified for WeldBeanDeploymentArchive [id=org.jboss.weld.environment.deployment.WeldDeployment.synthetic], file properties will not be loaded
2016-09-16 04:08:55.277 [main] DEBUG org.jboss.weld.Configuration - WELD-001902: Configuration initialized: {EXECUTOR_THREAD_POOL_TYPE=COMMON, RELAXED_CONSTRUCTION=true}
2016-09-16 04:08:55.326 [main] DEBUG org.jboss.weld.Bootstrap - Using Weld modules: []
2016-09-16 04:08:55.397 [main] DEBUG org.jboss.weld.Bootstrap - Using instantiator: org.jboss.weld.bean.proxy.UnsafeProxyInstantiator
2016-09-16 04:08:55.467 [main] INFO  org.jboss.weld.Bootstrap - WELD-000101: Transactional services not available. Injection of @Inject UserTransaction not available. Transactional observers will be invoked synchronously.
2016-09-16 04:08:55.745 [main] DEBUG org.jboss.weld.Bootstrap - WELD-000106: Bean: WELD%AbstractBuiltInBean%deployment%ApplicationContext
2016-09-16 04:08:55.761 [main] DEBUG org.jboss.weld.Reflection - WELD-000601: interface javax.inject.Singleton is missing @Target. Weld will use this annotation, however this may make the application unportable.
2016-09-16 04:08:55.761 [main] DEBUG org.jboss.weld.Bootstrap - WELD-000106: Bean: WELD%AbstractBuiltInBean%deployment%SingletonContext
2016-09-16 04:08:55.770 [main] DEBUG org.jboss.weld.Bootstrap - WELD-000106: Bean: WELD%AbstractBuiltInBean%deployment%BoundSessionContext
2016-09-16 04:08:55.775 [main] DEBUG org.jboss.weld.Bootstrap - WELD-000106: Bean: WELD%AbstractBuiltInBean%deployment%BoundConversationContext
2016-09-16 04:08:55.779 [main] DEBUG org.jboss.weld.Bootstrap - WELD-000106: Bean: WELD%AbstractBuiltInBean%deployment%BoundRequestContext
2016-09-16 04:08:55.780 [main] DEBUG org.jboss.weld.Bootstrap - WELD-000106: Bean: WELD%AbstractBuiltInBean%deployment%RequestContext
2016-09-16 04:08:55.784 [main] DEBUG org.jboss.weld.Bootstrap - WELD-000106: Bean: WELD%AbstractBuiltInBean%deployment%DependentContext
2016-09-16 04:08:55.929 [main] DEBUG org.jboss.weld.Bootstrap - WELD-000106: Bean: Built-in Bean [javax.enterprise.inject.spi.BeanManager] with qualifiers [@Default]
2016-09-16 04:08:55.932 [main] DEBUG org.jboss.weld.Bootstrap - WELD-000106: Bean: Built-in Bean [org.jboss.weld.manager.BeanManagerImpl] with qualifiers [@Default]
2016-09-16 04:08:55.941 [main] DEBUG org.jboss.weld.Bootstrap - WELD-000106: Bean: Built-in Bean [javax.enterprise.inject.spi.BeanManager] with qualifiers [@Default]
2016-09-16 04:08:55.942 [main] DEBUG org.jboss.weld.Bootstrap - WELD-000106: Bean: Built-in Bean [org.jboss.weld.manager.BeanManagerImpl] with qualifiers [@Default]
2016-09-16 04:08:55.962 [main] DEBUG org.jboss.weld.Bootstrap - WELD-000106: Bean: Built-in Bean [javax.enterprise.inject.spi.BeanManager] with qualifiers [@Default]
2016-09-16 04:08:55.963 [main] DEBUG org.jboss.weld.Bootstrap - WELD-000106: Bean: Built-in Bean [org.jboss.weld.manager.BeanManagerImpl] with qualifiers [@Default]
2016-09-16 04:08:56.149 [main] DEBUG org.jboss.weld.Bootstrap - WELD-000106: Bean: Extension [class org.jboss.weld.environment.se.WeldSEBeanRegistrant] with qualifiers [@Default]; jar:file:/C:/Users/Pramode%20Wimukthi/.gradle/caches/modules-2/files-2.1/org.jboss.weld.se/weld-se-core/3.0.0.Alpha16/6a130b85a4b056b5f4c149eee496034e8daff1f4/weld-se-core-3.0.0.Alpha16.jar!/META-INF/services/javax.enterprise.inject.spi.Extension@1[org.jboss.weld.environment.se.WeldSEBeanRegistrant@ed52de]
2016-09-16 04:08:56.177 [main] DEBUG org.jboss.weld.Bootstrap - WELD-000106: Bean: Extension [class org.glassfish.jersey.ext.cdi1x.internal.CdiComponentProvider] with qualifiers [@Default]; jar:file:/C:/Users/Pramode%20Wimukthi/.gradle/caches/modules-2/files-2.1/org.glassfish.jersey.ext.cdi/jersey-cdi1x/2.23.1/661bf7dccb9221ea68ad758c5c1737c71017599d/jersey-cdi1x-2.23.1.jar!/META-INF/services/javax.enterprise.inject.spi.Extension@1[org.glassfish.jersey.ext.cdi1x.internal.CdiComponentProvider@1c7df28]
2016-09-16 04:08:56.184 [main] INFO  org.jboss.weld.Event - WELD-000411: Observer method [BackedAnnotatedMethod] private org.glassfish.jersey.ext.cdi1x.internal.CdiComponentProvider.processAnnotatedType(@Observes ProcessAnnotatedType) receives events for all annotated types. Consider restricting events using @WithAnnotations or a generic type with bounds.
2016-09-16 04:08:56.186 [main] DEBUG org.jboss.weld.Bootstrap - WELD-000106: Bean: Built-in Bean [javax.enterprise.inject.spi.BeanManager] with qualifiers [@Default]
2016-09-16 04:08:56.186 [main] DEBUG org.jboss.weld.Bootstrap - WELD-000106: Bean: Built-in Bean [org.jboss.weld.manager.BeanManagerImpl] with qualifiers [@Default]
2016-09-16 04:08:56.220 [main] WARN  org.jboss.weld.Bootstrap - WELD-000146: BeforeBeanDiscovery.addAnnotatedType(AnnotatedType<?>) used for class org.glassfish.jersey.ext.cdi1x.internal.CdiComponentProvider$JaxRsParamProducer is deprecated from CDI 1.1!
2016-09-16 04:08:56.253 [main] DEBUG org.jboss.weld.Bootstrap - WELD-000162: BeforeBeanDiscovery.addAnnotatedType() called by org.glassfish.jersey.ext.cdi1x.internal.CdiComponentProvider@1c7df28 for [BackedAnnotatedType] public static @ApplicationScoped class org.glassfish.jersey.ext.cdi1x.internal.CdiComponentProvider$JaxRsParamProducer
2016-09-16 04:08:56.254 [main] DEBUG org.jboss.weld.Bootstrap - WELD-000162: BeforeBeanDiscovery.addAnnotatedType() called by org.glassfish.jersey.ext.cdi1x.internal.CdiComponentProvider@1c7df28 for [BackedAnnotatedType] public static @ApplicationScoped class org.glassfish.jersey.ext.cdi1x.internal.CdiComponentProvider$JaxRsParamProducer
2016-09-16 04:08:56.264 [main] DEBUG org.jboss.weld.Bootstrap - WELD-000162: BeforeBeanDiscovery.addAnnotatedType() called by org.jboss.weld.environment.se.WeldSEBeanRegistrant@ed52de for [BackedAnnotatedType] public @Vetoed @ApplicationScoped class org.jboss.weld.environment.se.beans.ParametersFactory
2016-09-16 04:08:56.274 [main] DEBUG org.jboss.weld.Bootstrap - WELD-000162: BeforeBeanDiscovery.addAnnotatedType() called by org.jboss.weld.environment.se.WeldSEBeanRegistrant@ed52de for [BackedAnnotatedType] public @Vetoed @Deprecated class org.jboss.weld.environment.se.beans.InstanceManager
2016-09-16 04:08:56.285 [main] DEBUG org.jboss.weld.Bootstrap - WELD-000162: BeforeBeanDiscovery.addAnnotatedType() called by org.jboss.weld.environment.se.WeldSEBeanRegistrant@ed52de for [BackedAnnotatedType] public @Decorator class org.jboss.weld.environment.se.threading.RunnableDecorator
2016-09-16 04:08:56.297 [main] DEBUG org.jboss.weld.Bootstrap - WELD-000162: BeforeBeanDiscovery.addAnnotatedType() called by org.jboss.weld.environment.se.WeldSEBeanRegistrant@ed52de for [BackedAnnotatedType] public @Vetoed @Interceptor @ActivateRequestScope @Priority class org.jboss.weld.environment.se.contexts.interceptors.ActivateRequestScopeInterceptor
2016-09-16 04:08:56.302 [main] DEBUG org.jboss.weld.Bootstrap - WELD-000162: BeforeBeanDiscovery.addAnnotatedType() called by org.jboss.weld.environment.se.WeldSEBeanRegistrant@ed52de for [BackedAnnotatedType] public @Vetoed @Interceptor @ActivateThreadScope @Priority class org.jboss.weld.environment.se.contexts.interceptors.ActivateThreadScopeInterceptor
2016-09-16 04:08:57.475 [main] DEBUG org.jboss.weld.Bootstrap - WELD-000103: Enabled alternatives for Weld BeanManager for /C:/Users/Pramode Wimukthi/.gradle/caches/modules-2/files-2.1/org.glassfish.jersey.ext.cdi/jersey-weld2-se/2.23.1/a6ceb9a9eecf27009706591bf495cd6dc31d8128/jersey-weld2-se-2.23.1.jar [bean count=2]: 
  - class io.egreen.apistudio.bootstrap.filter.AuthFilter,
  - class io.egreen.apistudio.bootstrap.provider.ApiStudioObjectMapperProvider
2016-09-16 04:08:57.475 [main] DEBUG org.jboss.weld.Bootstrap - WELD-000104: Enabled decorator types for Weld BeanManager for /C:/Users/Pramode Wimukthi/.gradle/caches/modules-2/files-2.1/org.glassfish.jersey.ext.cdi/jersey-weld2-se/2.23.1/a6ceb9a9eecf27009706591bf495cd6dc31d8128/jersey-weld2-se-2.23.1.jar [bean count=2]: (empty collection)
2016-09-16 04:08:57.476 [main] DEBUG org.jboss.weld.Bootstrap - WELD-000105: Enabled interceptor types for Weld BeanManager for /C:/Users/Pramode Wimukthi/.gradle/caches/modules-2/files-2.1/org.glassfish.jersey.ext.cdi/jersey-weld2-se/2.23.1/a6ceb9a9eecf27009706591bf495cd6dc31d8128/jersey-weld2-se-2.23.1.jar [bean count=2]: 
  - class org.jboss.weld.environment.se.contexts.interceptors.ActivateRequestScopeInterceptor,
  - class org.jboss.weld.environment.se.contexts.interceptors.ActivateThreadScopeInterceptor
2016-09-16 04:08:57.477 [main] DEBUG org.jboss.weld.Bootstrap - WELD-000103: Enabled alternatives for Weld BeanManager for org.jboss.weld.environment.deployment.WeldDeployment.additionalClasses [bean count=4]: 
  - class io.egreen.apistudio.bootstrap.filter.AuthFilter,
  - class io.egreen.apistudio.bootstrap.provider.ApiStudioObjectMapperProvider
2016-09-16 04:08:57.478 [main] DEBUG org.jboss.weld.Bootstrap - WELD-000104: Enabled decorator types for Weld BeanManager for org.jboss.weld.environment.deployment.WeldDeployment.additionalClasses [bean count=4]: (empty collection)
2016-09-16 04:08:57.478 [main] DEBUG org.jboss.weld.Bootstrap - WELD-000105: Enabled interceptor types for Weld BeanManager for org.jboss.weld.environment.deployment.WeldDeployment.additionalClasses [bean count=4]: 
  - class org.jboss.weld.environment.se.contexts.interceptors.ActivateRequestScopeInterceptor,
  - class org.jboss.weld.environment.se.contexts.interceptors.ActivateThreadScopeInterceptor
2016-09-16 04:08:57.479 [main] DEBUG org.jboss.weld.Bootstrap - WELD-000103: Enabled alternatives for Weld BeanManager for org.jboss.weld.environment.deployment.WeldDeployment.synthetic [bean count=2]: 
  - class io.egreen.apistudio.bootstrap.filter.AuthFilter,
  - class io.egreen.apistudio.bootstrap.provider.ApiStudioObjectMapperProvider
2016-09-16 04:08:57.480 [main] DEBUG org.jboss.weld.Bootstrap - WELD-000104: Enabled decorator types for Weld BeanManager for org.jboss.weld.environment.deployment.WeldDeployment.synthetic [bean count=2]: (empty collection)
2016-09-16 04:08:57.480 [main] DEBUG org.jboss.weld.Bootstrap - WELD-000105: Enabled interceptor types for Weld BeanManager for org.jboss.weld.environment.deployment.WeldDeployment.synthetic [bean count=2]: 
  - class org.jboss.weld.environment.se.contexts.interceptors.ActivateRequestScopeInterceptor,
  - class org.jboss.weld.environment.se.contexts.interceptors.ActivateThreadScopeInterceptor
2016-09-16 04:08:58.029 [main] DEBUG org.jboss.weld.Bootstrap - WELD-000108: Decorator: Decorator [class org.jboss.weld.environment.se.threading.RunnableDecorator] decorates [Runnable] with delegate type [Runnable] and delegate qualifiers [@Default]
2016-09-16 04:08:58.031 [main] DEBUG org.jboss.weld.Bootstrap - WELD-000107: Interceptor: Interceptor [class org.jboss.weld.environment.se.contexts.interceptors.ActivateThreadScopeInterceptor intercepts @ActivateThreadScope]
2016-09-16 04:08:58.032 [main] DEBUG org.jboss.weld.Bootstrap - WELD-000107: Interceptor: Interceptor [class org.jboss.weld.environment.se.contexts.interceptors.ActivateRequestScopeInterceptor intercepts @ActivateRequestScope]
2016-09-16 04:08:58.045 [main] DEBUG org.jboss.weld.Bootstrap - WELD-000151: ProcessInjectionTarget.setInjectionTarget() called by org.glassfish.jersey.ext.cdi1x.internal.CdiComponentProvider@1c7df28: InjectionTarget for Managed Bean [class org.glassfish.jersey.weld.se.WeldHk2LocatorManager] with qualifiers [@Any @Default] replaced by org.glassfish.jersey.ext.cdi1x.internal.CdiComponentProvider$7@1b43d60
2016-09-16 04:08:58.330 [main] DEBUG org.jboss.weld.Bootstrap - WELD-000106: Bean: WELD%AbstractBuiltInBean%/C:/Users/Pramode Wimukthi/.gradle/caches/modules-2/files-2.1/org.glassfish.jersey.ext.cdi/jersey-weld2-se/2.23.1/a6ceb9a9eecf27009706591bf495cd6dc31d8128/jersey-weld2-se-2.23.1.jar%SingletonContext
2016-09-16 04:08:58.331 [main] DEBUG org.jboss.weld.Bootstrap - WELD-000106: Bean: Implicit Bean [javax.enterprise.event.Event] with qualifiers [@Default]
2016-09-16 04:08:58.331 [main] DEBUG org.jboss.weld.Bootstrap - WELD-000106: Bean: Implicit Bean [javax.enterprise.inject.spi.Bean] with qualifiers [@Intercepted]
2016-09-16 04:08:58.332 [main] DEBUG org.jboss.weld.Bootstrap - WELD-000106: Bean: WELD%AbstractBuiltInBean%/C:/Users/Pramode Wimukthi/.gradle/caches/modules-2/files-2.1/org.glassfish.jersey.ext.cdi/jersey-weld2-se/2.23.1/a6ceb9a9eecf27009706591bf495cd6dc31d8128/jersey-weld2-se-2.23.1.jar%BoundSessionContext
2016-09-16 04:08:58.332 [main] DEBUG org.jboss.weld.Bootstrap - WELD-000106: Bean: Implicit Bean [javax.enterprise.inject.spi.Bean] with qualifiers [@Default]
2016-09-16 04:08:58.332 [main] DEBUG org.jboss.weld.Bootstrap - WELD-000106: Bean: Implicit Bean [javax.enterprise.inject.spi.Interceptor] with qualifiers [@Default]
2016-09-16 04:08:58.332 [main] DEBUG org.jboss.weld.Bootstrap - WELD-000106: Bean: Implicit Bean [javax.enterprise.inject.spi.Decorator] with qualifiers [@Default]
2016-09-16 04:08:58.333 [main] DEBUG org.jboss.weld.Bootstrap - WELD-000106: Bean: WELD%AbstractBuiltInBean%/C:/Users/Pramode Wimukthi/.gradle/caches/modules-2/files-2.1/org.glassfish.jersey.ext.cdi/jersey-weld2-se/2.23.1/a6ceb9a9eecf27009706591bf495cd6dc31d8128/jersey-weld2-se-2.23.1.jar%ApplicationContext
2016-09-16 04:08:58.333 [main] DEBUG org.jboss.weld.Bootstrap - WELD-000106: Bean: Managed Bean [class org.glassfish.jersey.weld.se.WeldHk2LocatorManager] with qualifiers [@Any @Default]
2016-09-16 04:08:58.334 [main] DEBUG org.jboss.weld.Bootstrap - WELD-000106: Bean: Managed Bean [class org.glassfish.jersey.weld.se.WeldRequestScope] with qualifiers [@Any @Default]
2016-09-16 04:08:58.334 [main] DEBUG org.jboss.weld.Bootstrap - WELD-000106: Bean: Implicit Bean [javax.enterprise.inject.spi.Bean] with qualifiers [@Decorated]
2016-09-16 04:08:58.334 [main] DEBUG org.jboss.weld.Bootstrap - WELD-000106: Bean: WELD%AbstractBuiltInBean%/C:/Users/Pramode Wimukthi/.gradle/caches/modules-2/files-2.1/org.glassfish.jersey.ext.cdi/jersey-weld2-se/2.23.1/a6ceb9a9eecf27009706591bf495cd6dc31d8128/jersey-weld2-se-2.23.1.jar%Conversation
2016-09-16 04:08:58.335 [main] DEBUG org.jboss.weld.Bootstrap - WELD-000106: Bean: WELD%AbstractBuiltInBean%/C:/Users/Pramode Wimukthi/.gradle/caches/modules-2/files-2.1/org.glassfish.jersey.ext.cdi/jersey-weld2-se/2.23.1/a6ceb9a9eecf27009706591bf495cd6dc31d8128/jersey-weld2-se-2.23.1.jar%RequestContext
2016-09-16 04:08:58.335 [main] DEBUG org.jboss.weld.Bootstrap - WELD-000106: Bean: Implicit Bean [javax.enterprise.inject.Instance] with qualifiers [@Default]
2016-09-16 04:08:58.335 [main] DEBUG org.jboss.weld.Bootstrap - WELD-000106: Bean: Implicit Bean [javax.enterprise.inject.spi.EventMetadata] with qualifiers [@Default]
2016-09-16 04:08:58.335 [main] DEBUG org.jboss.weld.Bootstrap - WELD-000106: Bean: Implicit Bean [javax.enterprise.inject.spi.InjectionPoint] with qualifiers [@Default]
2016-09-16 04:08:58.336 [main] DEBUG org.jboss.weld.Bootstrap - WELD-000106: Bean: WELD%AbstractBuiltInBean%/C:/Users/Pramode Wimukthi/.gradle/caches/modules-2/files-2.1/org.glassfish.jersey.ext.cdi/jersey-weld2-se/2.23.1/a6ceb9a9eecf27009706591bf495cd6dc31d8128/jersey-weld2-se-2.23.1.jar%BoundConversationContext
2016-09-16 04:08:58.336 [main] DEBUG org.jboss.weld.Bootstrap - WELD-000106: Bean: WELD%AbstractBuiltInBean%/C:/Users/Pramode Wimukthi/.gradle/caches/modules-2/files-2.1/org.glassfish.jersey.ext.cdi/jersey-weld2-se/2.23.1/a6ceb9a9eecf27009706591bf495cd6dc31d8128/jersey-weld2-se-2.23.1.jar%BoundRequestContext
2016-09-16 04:08:58.336 [main] DEBUG org.jboss.weld.Bootstrap - WELD-000106: Bean: WELD%AbstractBuiltInBean%/C:/Users/Pramode Wimukthi/.gradle/caches/modules-2/files-2.1/org.glassfish.jersey.ext.cdi/jersey-weld2-se/2.23.1/a6ceb9a9eecf27009706591bf495cd6dc31d8128/jersey-weld2-se-2.23.1.jar%DependentContext
2016-09-16 04:08:58.357 [main] DEBUG org.jboss.weld.Bootstrap - WELD-000151: ProcessInjectionTarget.setInjectionTarget() called by org.glassfish.jersey.ext.cdi1x.internal.CdiComponentProvider@1c7df28: InjectionTarget for Managed Bean [class org.glassfish.jersey.ext.cdi1x.internal.CdiComponentProvider$JaxRsParamProducer] with qualifiers [@Any @Default] replaced by org.glassfish.jersey.ext.cdi1x.internal.CdiComponentProvider$7@199f5e0
2016-09-16 04:08:58.358 [main] DEBUG org.jboss.weld.Bootstrap - WELD-000106: Bean: Managed Bean [class org.jboss.weld.environment.se.beans.InstanceManager] with qualifiers [@Any @Default]
2016-09-16 04:08:58.359 [main] DEBUG org.jboss.weld.Bootstrap - WELD-000106: Bean: WELD%AbstractBuiltInBean%org.jboss.weld.environment.deployment.WeldDeployment.additionalClasses%DependentContext
2016-09-16 04:08:58.359 [main] DEBUG org.jboss.weld.Bootstrap - WELD-000106: Bean: Implicit Bean [javax.enterprise.inject.spi.Bean] with qualifiers [@Decorated]
2016-09-16 04:08:58.360 [main] DEBUG org.jboss.weld.Bootstrap - WELD-000106: Bean: WELD%AbstractBuiltInBean%org.jboss.weld.environment.deployment.WeldDeployment.additionalClasses%BoundConversationContext
2016-09-16 04:08:58.360 [main] DEBUG org.jboss.weld.Bootstrap - WELD-000106: Bean: Implicit Bean [javax.enterprise.inject.spi.Bean] with qualifiers [@Intercepted]
2016-09-16 04:08:58.361 [main] DEBUG org.jboss.weld.Bootstrap - WELD-000106: Bean: Implicit Bean [javax.enterprise.inject.spi.Bean] with qualifiers [@Default]
2016-09-16 04:08:58.361 [main] DEBUG org.jboss.weld.Bootstrap - WELD-000106: Bean: WELD%AbstractBuiltInBean%org.jboss.weld.environment.deployment.WeldDeployment.additionalClasses%BoundSessionContext
2016-09-16 04:08:58.361 [main] DEBUG org.jboss.weld.Bootstrap - WELD-000106: Bean: WELD%AbstractBuiltInBean%org.jboss.weld.environment.deployment.WeldDeployment.additionalClasses%ApplicationContext
2016-09-16 04:08:58.362 [main] DEBUG org.jboss.weld.Bootstrap - WELD-000106: Bean: WELD%AbstractBuiltInBean%org.jboss.weld.environment.deployment.WeldDeployment.additionalClasses%RequestContext
2016-09-16 04:08:58.362 [main] DEBUG org.jboss.weld.Bootstrap - WELD-000106: Bean: Implicit Bean [javax.enterprise.inject.spi.Decorator] with qualifiers [@Default]
2016-09-16 04:08:58.362 [main] DEBUG org.jboss.weld.Bootstrap - WELD-000106: Bean: Implicit Bean [javax.enterprise.event.Event] with qualifiers [@Default]
2016-09-16 04:08:58.362 [main] DEBUG org.jboss.weld.Bootstrap - WELD-000106: Bean: Implicit Bean [javax.enterprise.inject.spi.InjectionPoint] with qualifiers [@Default]
2016-09-16 04:08:58.363 [main] DEBUG org.jboss.weld.Bootstrap - WELD-000106: Bean: Managed Bean [class org.jboss.weld.environment.se.beans.ParametersFactory] with qualifiers [@Any @Default]
2016-09-16 04:08:58.363 [main] DEBUG org.jboss.weld.Bootstrap - WELD-000106: Bean: WELD%AbstractBuiltInBean%org.jboss.weld.environment.deployment.WeldDeployment.additionalClasses%Conversation
2016-09-16 04:08:58.363 [main] DEBUG org.jboss.weld.Bootstrap - WELD-000106: Bean: Producer Method [String[]] with qualifiers [@Parameters @Any] declared as [[UnbackedAnnotatedMethod] @Produces @Parameters public org.jboss.weld.environment.se.beans.ParametersFactory.getArgsAsArray()]
2016-09-16 04:08:58.364 [main] DEBUG org.jboss.weld.Bootstrap - WELD-000106: Bean: Producer Method [List<String>] with qualifiers [@Parameters @Any] declared as [[UnbackedAnnotatedMethod] @Produces @Parameters public org.jboss.weld.environment.se.beans.ParametersFactory.getArgs()]
2016-09-16 04:08:58.367 [main] DEBUG org.jboss.weld.Bootstrap - WELD-000106: Bean: Implicit Bean [javax.enterprise.inject.spi.Interceptor] with qualifiers [@Default]
2016-09-16 04:08:58.367 [main] DEBUG org.jboss.weld.Bootstrap - WELD-000106: Bean: Implicit Bean [javax.enterprise.inject.Instance] with qualifiers [@Default]
2016-09-16 04:08:58.367 [main] DEBUG org.jboss.weld.Bootstrap - WELD-000106: Bean: Producer Method [String] with qualifiers [@JaxRsParamQualifier @Any] declared as [[UnbackedAnnotatedMethod] @Produces @JaxRsParamQualifier public org.glassfish.jersey.ext.cdi1x.internal.CdiComponentProvider$JaxRsParamProducer.getParameterValue(InjectionPoint, BeanManager)]
2016-09-16 04:08:58.367 [main] DEBUG org.jboss.weld.Bootstrap - WELD-000106: Bean: Implicit Bean [javax.enterprise.inject.spi.EventMetadata] with qualifiers [@Default]
2016-09-16 04:08:58.368 [main] DEBUG org.jboss.weld.Bootstrap - WELD-000106: Bean: WELD%AbstractBuiltInBean%org.jboss.weld.environment.deployment.WeldDeployment.additionalClasses%BoundRequestContext
2016-09-16 04:08:58.368 [main] DEBUG org.jboss.weld.Bootstrap - WELD-000106: Bean: Managed Bean [class org.glassfish.jersey.ext.cdi1x.internal.CdiComponentProvider$JaxRsParamProducer] with qualifiers [@Any @Default]
2016-09-16 04:08:58.368 [main] DEBUG org.jboss.weld.Bootstrap - WELD-000106: Bean: WELD%AbstractBuiltInBean%org.jboss.weld.environment.deployment.WeldDeployment.additionalClasses%SingletonContext
2016-09-16 04:08:58.975 [main] DEBUG org.jboss.weld.Bootstrap - WELD-000151: ProcessInjectionTarget.setInjectionTarget() called by org.glassfish.jersey.ext.cdi1x.internal.CdiComponentProvider@1c7df28: InjectionTarget for Managed Bean [class io.egreen.erp.grn.api.BatchController] with qualifiers [@Any @Default] replaced by org.glassfish.jersey.ext.cdi1x.internal.CdiComponentProvider$8@18bafa9
2016-09-16 04:08:58.976 [main] DEBUG org.jboss.weld.Bootstrap - WELD-000151: ProcessInjectionTarget.setInjectionTarget() called by org.glassfish.jersey.ext.cdi1x.internal.CdiComponentProvider@1c7df28: InjectionTarget for Managed Bean [class io.egreen.apistudio.bootstrap.provider.ApiStudioObjectMapperProvider] with qualifiers [@Any @Default] replaced by org.glassfish.jersey.ext.cdi1x.internal.CdiComponentProvider$8@16f63f6
2016-09-16 04:08:58.976 [main] DEBUG org.jboss.weld.Bootstrap - WELD-000151: ProcessInjectionTarget.setInjectionTarget() called by org.glassfish.jersey.ext.cdi1x.internal.CdiComponentProvider@1c7df28: InjectionTarget for Managed Bean [class io.egreen.apistudio.bootstrap.filter.AuthFilter] with qualifiers [@Any @Default] replaced by org.glassfish.jersey.ext.cdi1x.internal.CdiComponentProvider$8@1ca0d64
2016-09-16 04:08:58.985 [main] DEBUG org.jboss.weld.Bootstrap - WELD-000151: ProcessInjectionTarget.setInjectionTarget() called by org.glassfish.jersey.ext.cdi1x.internal.CdiComponentProvider@1c7df28: InjectionTarget for Managed Bean [class io.egreen.erp.supplier.api.SupplierController] with qualifiers [@Any @Default] replaced by org.glassfish.jersey.ext.cdi1x.internal.CdiComponentProvider$8@1b14724
2016-09-16 04:08:59.000 [main] DEBUG org.jboss.weld.Bootstrap - WELD-000151: ProcessInjectionTarget.setInjectionTarget() called by org.glassfish.jersey.ext.cdi1x.internal.CdiComponentProvider@1c7df28: InjectionTarget for Managed Bean [class io.egreen.erp.grn.api.GRNController] with qualifiers [@Any @Default] replaced by org.glassfish.jersey.ext.cdi1x.internal.CdiComponentProvider$8@b19518
2016-09-16 04:08:59.006 [main] DEBUG org.jboss.weld.Bootstrap - WELD-000151: ProcessInjectionTarget.setInjectionTarget() called by org.glassfish.jersey.ext.cdi1x.internal.CdiComponentProvider@1c7df28: InjectionTarget for Managed Bean [class io.egreen.erp.credit.api.CreditController] with qualifiers [@Any @Default] replaced by org.glassfish.jersey.ext.cdi1x.internal.CdiComponentProvider$8@3411de
2016-09-16 04:08:59.018 [main] DEBUG org.jboss.weld.Bootstrap - WELD-000151: ProcessInjectionTarget.setInjectionTarget() called by org.glassfish.jersey.ext.cdi1x.internal.CdiComponentProvider@1c7df28: InjectionTarget for Managed Bean [class io.egreen.erp.gsn.api.OrderItemContoller] with qualifiers [@Any @Default] replaced by org.glassfish.jersey.ext.cdi1x.internal.CdiComponentProvider$8@12a7d73
2016-09-16 04:08:59.032 [main] DEBUG org.jboss.weld.Bootstrap - WELD-000151: ProcessInjectionTarget.setInjectionTarget() called by org.glassfish.jersey.ext.cdi1x.internal.CdiComponentProvider@1c7df28: InjectionTarget for Managed Bean [class io.egreen.erp.customer.api.CustomerController] with qualifiers [@Any @Default] replaced by org.glassfish.jersey.ext.cdi1x.internal.CdiComponentProvider$8@1619d14
2016-09-16 04:08:59.033 [main] DEBUG org.jboss.weld.Bootstrap - WELD-000151: ProcessInjectionTarget.setInjectionTarget() called by org.glassfish.jersey.ext.cdi1x.internal.CdiComponentProvider@1c7df28: InjectionTarget for Managed Bean [class io.egreen.apistudio.bootstrap.filter.CORSResponseFilter] with qualifiers [@Any @Default] replaced by org.glassfish.jersey.ext.cdi1x.internal.CdiComponentProvider$8@746f57
2016-09-16 04:08:59.047 [main] DEBUG org.jboss.weld.Bootstrap - WELD-000151: ProcessInjectionTarget.setInjectionTarget() called by org.glassfish.jersey.ext.cdi1x.internal.CdiComponentProvider@1c7df28: InjectionTarget for Managed Bean [class io.egreen.erp.payment.api.PaymentController] with qualifiers [@Any @Default] replaced by org.glassfish.jersey.ext.cdi1x.internal.CdiComponentProvider$8@e8dde3
2016-09-16 04:08:59.056 [main] DEBUG org.jboss.weld.Bootstrap - WELD-000151: ProcessInjectionTarget.setInjectionTarget() called by org.glassfish.jersey.ext.cdi1x.internal.CdiComponentProvider@1c7df28: InjectionTarget for Managed Bean [class io.egreen.erp.employee.api.EmployeeController] with qualifiers [@Any @Default] replaced by org.glassfish.jersey.ext.cdi1x.internal.CdiComponentProvider$8@5dc4a2
2016-09-16 04:08:59.067 [main] DEBUG org.jboss.weld.Bootstrap - WELD-000151: ProcessInjectionTarget.setInjectionTarget() called by org.glassfish.jersey.ext.cdi1x.internal.CdiComponentProvider@1c7df28: InjectionTarget for Managed Bean [class io.egreen.erp.transaction.api.TransactionController] with qualifiers [@Any @Default] replaced by org.glassfish.jersey.ext.cdi1x.internal.CdiComponentProvider$8@113384
2016-09-16 04:08:59.075 [main] DEBUG org.jboss.weld.Bootstrap - WELD-000151: ProcessInjectionTarget.setInjectionTarget() called by org.glassfish.jersey.ext.cdi1x.internal.CdiComponentProvider@1c7df28: InjectionTarget for Managed Bean [class io.egreen.erp.cheque.api.ChequeController] with qualifiers [@Any @Default] replaced by org.glassfish.jersey.ext.cdi1x.internal.CdiComponentProvider$8@1252cb6
2016-09-16 04:08:59.083 [main] DEBUG org.jboss.weld.Bootstrap - WELD-000151: ProcessInjectionTarget.setInjectionTarget() called by org.glassfish.jersey.ext.cdi1x.internal.CdiComponentProvider@1c7df28: InjectionTarget for Managed Bean [class io.egreen.erp.gsn.api.GSNController] with qualifiers [@Any @Default] replaced by org.glassfish.jersey.ext.cdi1x.internal.CdiComponentProvider$8@1d08e6c
2016-09-16 04:08:59.100 [main] DEBUG org.jboss.weld.Bootstrap - WELD-000151: ProcessInjectionTarget.setInjectionTarget() called by org.glassfish.jersey.ext.cdi1x.internal.CdiComponentProvider@1c7df28: InjectionTarget for Managed Bean [class io.egreen.apistudio.bootstrap.theme.ThymeleafViewProcessor] with qualifiers [@Any @Default] replaced by org.glassfish.jersey.ext.cdi1x.internal.CdiComponentProvider$8@1f05988
2016-09-16 04:08:59.106 [main] DEBUG org.jboss.weld.Bootstrap - WELD-000151: ProcessInjectionTarget.setInjectionTarget() called by org.glassfish.jersey.ext.cdi1x.internal.CdiComponentProvider@1c7df28: InjectionTarget for Managed Bean [class io.egreen.erp.product.api.ProductsController] with qualifiers [@Any @Default] replaced by org.glassfish.jersey.ext.cdi1x.internal.CdiComponentProvider$8@103cb56
2016-09-16 04:08:59.129 [main] DEBUG org.jboss.weld.Bootstrap - WELD-000151: ProcessInjectionTarget.setInjectionTarget() called by org.glassfish.jersey.ext.cdi1x.internal.CdiComponentProvider@1c7df28: InjectionTarget for Managed Bean [class io.egreen.erp.transactiontype.api.TransactionTypeController] with qualifiers [@Any @Default] replaced by org.glassfish.jersey.ext.cdi1x.internal.CdiComponentProvider$8@bf0f36
2016-09-16 04:08:59.135 [main] DEBUG org.jboss.weld.Bootstrap - WELD-000151: ProcessInjectionTarget.setInjectionTarget() called by org.glassfish.jersey.ext.cdi1x.internal.CdiComponentProvider@1c7df28: InjectionTarget for Managed Bean [class io.egreen.erp.sale.api.SaleApiController] with qualifiers [@Any @Default] replaced by org.glassfish.jersey.ext.cdi1x.internal.CdiComponentProvider$8@5529ab
2016-09-16 04:08:59.142 [main] DEBUG org.jboss.weld.Bootstrap - WELD-000106: Bean: Managed Bean [class io.egreen.apistudio.bootstrap.websocket.WebsocketConfigurator] with qualifiers [@Any @Default]
2016-09-16 04:08:59.142 [main] DEBUG org.jboss.weld.Bootstrap - WELD-000106: Bean: Managed Bean [class io.egreen.erp.sale.service.SaleService] with qualifiers [@Any @Default]
2016-09-16 04:08:59.143 [main] DEBUG org.jboss.weld.Bootstrap - WELD-000106: Bean: Managed Bean [class io.egreen.apistudio.bootstrap.ApiStudioApplication] with qualifiers [@Any @Default]
2016-09-16 04:08:59.143 [main] DEBUG org.jboss.weld.Bootstrap - WELD-000106: Bean: Managed Bean [class io.egreen.erp.grn.api.BatchController] with qualifiers [@Any @Default]
2016-09-16 04:08:59.143 [main] DEBUG org.jboss.weld.Bootstrap - WELD-000106: Bean: Managed Bean [class io.egreen.apistudio.bootstrap.ApiStudio$SETTINGS] with qualifiers [@Any @Default]
2016-09-16 04:08:59.143 [main] DEBUG org.jboss.weld.Bootstrap - WELD-000106: Bean: Managed Bean [class io.egreen.apistudio.bootstrap.provider.ApiStudioObjectMapperProvider] with qualifiers [@Any @Default]
2016-09-16 04:08:59.143 [main] DEBUG org.jboss.weld.Bootstrap - WELD-000106: Bean: WELD%AbstractBuiltInBean%org.jboss.weld.environment.deployment.WeldDeployment.synthetic%ApplicationContext
2016-09-16 04:08:59.143 [main] DEBUG org.jboss.weld.Bootstrap - WELD-000106: Bean: Managed Bean [class io.egreen.apistudio.bootstrap.filter.AuthFilter] with qualifiers [@Any @Default]
2016-09-16 04:08:59.144 [main] DEBUG org.jboss.weld.Bootstrap - WELD-000106: Bean: Managed Bean [class io.egreen.apistudio.bootstrap.module.ModulRegistar] with qualifiers [@Any @Default]
2016-09-16 04:08:59.144 [main] DEBUG org.jboss.weld.Bootstrap - WELD-000106: Bean: Managed Bean [class io.egreen.erp.supplier.api.SupplierController] with qualifiers [@Any @Default]
2016-09-16 04:08:59.144 [main] DEBUG org.jboss.weld.Bootstrap - WELD-000106: Bean: Managed Bean [class io.egreen.erp.grn.data.dao.impl.GrnDAOControllerImpl] with qualifiers [@Any @Default]
2016-09-16 04:08:59.144 [main] DEBUG org.jboss.weld.Bootstrap - WELD-000106: Bean: Managed Bean [class io.egreen.apistudio.bootstrap.ApiStudio] with qualifiers [@Any @Default]
2016-09-16 04:08:59.145 [main] DEBUG org.jboss.weld.Bootstrap - WELD-000106: Bean: Managed Bean [class io.egreen.erp.grn.serivce.GRNService] with qualifiers [@Any @Default]
2016-09-16 04:08:59.145 [main] DEBUG org.jboss.weld.Bootstrap - WELD-000106: Bean: Managed Bean [class io.egreen.erp.supplier.data.dao.impl.SupplierDAOControllerImpl] with qualifiers [@Any @Default]
2016-09-16 04:08:59.145 [main] DEBUG org.jboss.weld.Bootstrap - WELD-000106: Bean: Implicit Bean [javax.enterprise.inject.spi.Decorator] with qualifiers [@Default]
2016-09-16 04:08:59.145 [main] DEBUG org.jboss.weld.Bootstrap - WELD-000106: Bean: Managed Bean [class io.egreen.apistudio.bootstrap.auth.BasicAuth] with qualifiers [@Any @Default]
2016-09-16 04:08:59.145 [main] DEBUG org.jboss.weld.Bootstrap - WELD-000106: Bean: Managed Bean [class io.egreen.erp.grn.api.GRNController] with qualifiers [@Any @Default]
2016-09-16 04:08:59.145 [main] DEBUG org.jboss.weld.Bootstrap - WELD-000106: Bean: Managed Bean [class io.egreen.erp.credit.api.CreditController] with qualifiers [@Any @Default]
2016-09-16 04:08:59.146 [main] DEBUG org.jboss.weld.Bootstrap - WELD-000106: Bean: Managed Bean [class io.egreen.erp.credit.service.CreditService] with qualifiers [@Any @Default]
2016-09-16 04:08:59.146 [main] DEBUG org.jboss.weld.Bootstrap - WELD-000106: Bean: Managed Bean [class io.egreen.erp.product.service.ProductService] with qualifiers [@Any @Default]
2016-09-16 04:08:59.146 [main] DEBUG org.jboss.weld.Bootstrap - WELD-000106: Bean: Managed Bean [class io.egreen.erp.gsn.api.OrderItemContoller] with qualifiers [@Any @Default]
2016-09-16 04:08:59.146 [main] DEBUG org.jboss.weld.Bootstrap - WELD-000106: Bean: Managed Bean [class io.egreen.erp.product.data.dao.impl.ProductDAOControllerImpl] with qualifiers [@Any @Default]
2016-09-16 04:08:59.146 [main] DEBUG org.jboss.weld.Bootstrap - WELD-000106: Bean: Managed Bean [class io.egreen.apistudio.bootstrap.auth.User] with qualifiers [@Any @Default]
2016-09-16 04:08:59.147 [main] DEBUG org.jboss.weld.Bootstrap - WELD-000106: Bean: Managed Bean [class io.egreen.erp.transactiontype.data.dao.impl.TransactionDAOImpl] with qualifiers [@Any @Default]
2016-09-16 04:08:59.147 [main] DEBUG org.jboss.weld.Bootstrap - WELD-000106: Bean: Managed Bean [class io.egreen.erp.customer.api.CustomerController] with qualifiers [@Any @Default]
2016-09-16 04:08:59.147 [main] DEBUG org.jboss.weld.Bootstrap - WELD-000106: Bean: Managed Bean [class io.egreen.erp.employee.service.EmployeeService] with qualifiers [@Any @Default]
2016-09-16 04:08:59.147 [main] DEBUG org.jboss.weld.Bootstrap - WELD-000106: Bean: Managed Bean [class io.egreen.apistudio.bootstrap.filter.CORSResponseFilter] with qualifiers [@Any @Default]
2016-09-16 04:08:59.148 [main] DEBUG org.jboss.weld.Bootstrap - WELD-000106: Bean: Implicit Bean [javax.enterprise.inject.spi.Bean] with qualifiers [@Default]
2016-09-16 04:08:59.148 [main] DEBUG org.jboss.weld.Bootstrap - WELD-000106: Bean: Implicit Bean [javax.enterprise.inject.spi.Interceptor] with qualifiers [@Default]
2016-09-16 04:08:59.148 [main] DEBUG org.jboss.weld.Bootstrap - WELD-000106: Bean: Managed Bean [class io.egreen.apistudio.bootstrap.provider.ObjectIdSerializerModule] with qualifiers [@Any @Default]
2016-09-16 04:08:59.148 [main] DEBUG org.jboss.weld.Bootstrap - WELD-000106: Bean: Managed Bean [class io.egreen.erp.transactiontype.data.entity.TransactionTypeModel] with qualifiers [@Any @Default]
2016-09-16 04:08:59.148 [main] DEBUG org.jboss.weld.Bootstrap - WELD-000106: Bean: Implicit Bean [javax.enterprise.inject.spi.Bean] with qualifiers [@Intercepted]
2016-09-16 04:08:59.149 [main] DEBUG org.jboss.weld.Bootstrap - WELD-000106: Bean: Managed Bean [class io.egreen.erp.customer.db.entity.Customer] with qualifiers [@Any @Default]
2016-09-16 04:08:59.149 [main] DEBUG org.jboss.weld.Bootstrap - WELD-000106: Bean: Managed Bean [class io.egreen.erp.transaction.service.TransactionService] with qualifiers [@Any @Default]
2016-09-16 04:08:59.149 [main] DEBUG org.jboss.weld.Bootstrap - WELD-000106: Bean: Managed Bean [class io.egreen.erp.grn.serivce.ItemBatchService] with qualifiers [@Any @Default]
2016-09-16 04:08:59.149 [main] DEBUG org.jboss.weld.Bootstrap - WELD-000106: Bean: Managed Bean [class io.egreen.erp.transactiontype.service.TransactionTypeService] with qualifiers [@Any @Default]
2016-09-16 04:08:59.149 [main] DEBUG org.jboss.weld.Bootstrap - WELD-000106: Bean: Managed Bean [class io.egreen.erp.payment.api.PaymentController] with qualifiers [@Any @Default]
2016-09-16 04:08:59.149 [main] DEBUG org.jboss.weld.Bootstrap - WELD-000106: Bean: Managed Bean [class io.egreen.erp.employee.data.dao.impl.EmployeeDAOImpl] with qualifiers [@Any @Default]
2016-09-16 04:08:59.150 [main] DEBUG org.jboss.weld.Bootstrap - WELD-000106: Bean: Managed Bean [class io.egreen.erp.gsn.service.OrderItemService] with qualifiers [@Any @Default]
2016-09-16 04:08:59.150 [main] DEBUG org.jboss.weld.Bootstrap - WELD-000106: Bean: Managed Bean [class io.egreen.erp.employee.api.EmployeeController] with qualifiers [@Any @Default]
2016-09-16 04:08:59.150 [main] DEBUG org.jboss.weld.Bootstrap - WELD-000106: Bean: Managed Bean [class io.egreen.erp.credit.data.dto.CreditModel] with qualifiers [@Any @Default]
2016-09-16 04:08:59.150 [main] DEBUG org.jboss.weld.Bootstrap - WELD-000106: Bean: Implicit Bean [javax.enterprise.event.Event] with qualifiers [@Default]
2016-09-16 04:08:59.150 [main] DEBUG org.jboss.weld.Bootstrap - WELD-000106: Bean: Managed Bean [class io.egreen.erp.gsn.data.dao.impl.OrderItemDAOContollerImpl] with qualifiers [@Any @Default]
2016-09-16 04:08:59.151 [main] DEBUG org.jboss.weld.Bootstrap - WELD-000106: Bean: Managed Bean [class io.egreen.erp.payment.data.dao.impl.PaymentDAOImpl] with qualifiers [@Any @Default]
2016-09-16 04:08:59.151 [main] DEBUG org.jboss.weld.Bootstrap - WELD-000106: Bean: Managed Bean [class io.egreen.erp.payment.service.PaymentService] with qualifiers [@Any @Default]
2016-09-16 04:08:59.151 [main] DEBUG org.jboss.weld.Bootstrap - WELD-000106: Bean: WELD%AbstractBuiltInBean%org.jboss.weld.environment.deployment.WeldDeployment.synthetic%BoundSessionContext
2016-09-16 04:08:59.151 [main] DEBUG org.jboss.weld.Bootstrap - WELD-000106: Bean: Managed Bean [class io.egreen.erp.grn.data.entity.BatchModel] with qualifiers [@Any @Default]
2016-09-16 04:08:59.151 [main] DEBUG org.jboss.weld.Bootstrap - WELD-000106: Bean: WELD%AbstractBuiltInBean%org.jboss.weld.environment.deployment.WeldDeployment.synthetic%RequestContext
2016-09-16 04:08:59.152 [main] DEBUG org.jboss.weld.Bootstrap - WELD-000106: Bean: WELD%AbstractBuiltInBean%org.jboss.weld.environment.deployment.WeldDeployment.synthetic%Conversation
2016-09-16 04:08:59.152 [main] DEBUG org.jboss.weld.Bootstrap - WELD-000106: Bean: Managed Bean [class io.egreen.erp.transaction.api.TransactionController] with qualifiers [@Any @Default]
2016-09-16 04:08:59.152 [main] DEBUG org.jboss.weld.Bootstrap - WELD-000106: Bean: Managed Bean [class io.egreen.erp.gsn.service.GSNService] with qualifiers [@Any @Default]
2016-09-16 04:08:59.152 [main] DEBUG org.jboss.weld.Bootstrap - WELD-000106: Bean: WELD%AbstractBuiltInBean%org.jboss.weld.environment.deployment.WeldDeployment.synthetic%SingletonContext
2016-09-16 04:08:59.153 [main] DEBUG org.jboss.weld.Bootstrap - WELD-000106: Bean: Managed Bean [class io.egreen.apistudio.bootstrap.rest.RestComponentInitializer] with qualifiers [@Any @Default]
2016-09-16 04:08:59.153 [main] DEBUG org.jboss.weld.Bootstrap - WELD-000106: Bean: Managed Bean [class io.egreen.erp.cheque.api.ChequeController] with qualifiers [@Any @Default]
2016-09-16 04:08:59.153 [main] DEBUG org.jboss.weld.Bootstrap - WELD-000106: Bean: Managed Bean [class io.egreen.erp.gsn.api.GSNController] with qualifiers [@Any @Default]
2016-09-16 04:08:59.153 [main] DEBUG org.jboss.weld.Bootstrap - WELD-000106: Bean: Managed Bean [class io.egreen.erp.gsn.data.entity.GSNModel] with qualifiers [@Any @Default]
2016-09-16 04:08:59.154 [main] DEBUG org.jboss.weld.Bootstrap - WELD-000106: Bean: Managed Bean [class io.egreen.erp.product.data.entity.Product] with qualifiers [@Any @Default]
2016-09-16 04:08:59.154 [main] DEBUG org.jboss.weld.Bootstrap - WELD-000106: Bean: Managed Bean [class io.egreen.erp.sale.data.dao.SaleDAOImpl] with qualifiers [@Any @Default]
2016-09-16 04:08:59.154 [main] DEBUG org.jboss.weld.Bootstrap - WELD-000106: Bean: Managed Bean [class io.egreen.apistudio.datalayer.mongodb.MongoModuleInitializer] with qualifiers [@Any @Default]
2016-09-16 04:08:59.154 [main] DEBUG org.jboss.weld.Bootstrap - WELD-000106: Bean: Managed Bean [class io.egreen.erp.grn.data.entity.GrnModel] with qualifiers [@Any @Default]
2016-09-16 04:08:59.155 [main] DEBUG org.jboss.weld.Bootstrap - WELD-000106: Bean: Managed Bean [class io.egreen.erp.employee.data.dto.EmployeeModel] with qualifiers [@Any @Default]
2016-09-16 04:08:59.155 [main] DEBUG org.jboss.weld.Bootstrap - WELD-000106: Bean: Managed Bean [class io.egreen.apistudio.bootstrap.theme.ThymeleafViewProcessor] with qualifiers [@Any @Default]
2016-09-16 04:08:59.155 [main] DEBUG org.jboss.weld.Bootstrap - WELD-000106: Bean: Managed Bean [class io.egreen.erp.product.api.ProductsController] with qualifiers [@Any @Default]
2016-09-16 04:08:59.155 [main] DEBUG org.jboss.weld.Bootstrap - WELD-000106: Bean: Managed Bean [class io.egreen.apistudio.bootstrap.ext.SwaggerBootstrap] with qualifiers [@Any @Default]
2016-09-16 04:08:59.155 [main] DEBUG org.jboss.weld.Bootstrap - WELD-000106: Bean: Managed Bean [class io.egreen.erp.grn.data.dao.impl.BatchDAOControllerImpl] with qualifiers [@Any @Default]
2016-09-16 04:08:59.155 [main] DEBUG org.jboss.weld.Bootstrap - WELD-000106: Bean: Managed Bean [class io.egreen.erp.cheque.data.dao.impl.ChequeDAOImpl] with qualifiers [@Any @Default]
2016-09-16 04:08:59.156 [main] DEBUG org.jboss.weld.Bootstrap - WELD-000106: Bean: Managed Bean [class io.egreen.apistudio.bootstrap.config.processor.AnnotationFilterService] with qualifiers [@Any @Default]
2016-09-16 04:08:59.156 [main] DEBUG org.jboss.weld.Bootstrap - WELD-000106: Bean: Managed Bean [class io.egreen.apistudio.datalayer.mongodb.dao.impl.AbstractDAOController] with qualifiers [@Any @Default]
2016-09-16 04:08:59.156 [main] DEBUG org.jboss.weld.Bootstrap - WELD-000106: Bean: Managed Bean [class io.egreen.erp.gsn.data.entity.OrderItem] with qualifiers [@Any @Default]
2016-09-16 04:08:59.156 [main] DEBUG org.jboss.weld.Bootstrap - WELD-000106: Bean: Managed Bean [class io.egreen.erp.gsn.data.dao.impl.GSNDAOContollerImpl] with qualifiers [@Any @Default]
2016-09-16 04:08:59.156 [main] DEBUG org.jboss.weld.Bootstrap - WELD-000106: Bean: Managed Bean [class io.egreen.erp.sale.data.dto.SaleModel] with qualifiers [@Any @Default]
2016-09-16 04:08:59.156 [main] DEBUG org.jboss.weld.Bootstrap - WELD-000106: Bean: Managed Bean [class io.egreen.erp.transaction.data.entity.TransactionModel] with qualifiers [@Any @Default]
2016-09-16 04:08:59.157 [main] DEBUG org.jboss.weld.Bootstrap - WELD-000106: Bean: Managed Bean [class io.egreen.erp.credit.data.dao.impl.CreditDAOImpl] with qualifiers [@Any @Default]
2016-09-16 04:08:59.157 [main] DEBUG org.jboss.weld.Bootstrap - WELD-000106: Bean: Implicit Bean [javax.enterprise.inject.spi.InjectionPoint] with qualifiers [@Default]
2016-09-16 04:08:59.157 [main] DEBUG org.jboss.weld.Bootstrap - WELD-000106: Bean: Managed Bean [class io.egreen.apistudio.bootstrap.ApiStudioServer] with qualifiers [@Any @Default]
2016-09-16 04:08:59.157 [main] DEBUG org.jboss.weld.Bootstrap - WELD-000106: Bean: Managed Bean [class io.egreen.apistudio.bootstrap.module.ModuleIntergrator] with qualifiers [@Any @Default]
2016-09-16 04:08:59.157 [main] DEBUG org.jboss.weld.Bootstrap - WELD-000106: Bean: Managed Bean [class io.egreen.erp.transactiontype.api.TransactionTypeController] with qualifiers [@Any @Default]
2016-09-16 04:08:59.157 [main] DEBUG org.jboss.weld.Bootstrap - WELD-000106: Bean: Managed Bean [class io.egreen.apistudio.bootstrap.websocket.MessageDecoder] with qualifiers [@Any @Default]
2016-09-16 04:08:59.158 [main] DEBUG org.jboss.weld.Bootstrap - WELD-000106: Bean: Managed Bean [class io.egreen.apistudio.bootstrap.processors.JaxRsAnnotationProcessor] with qualifiers [@Any @Default]
2016-09-16 04:08:59.158 [main] DEBUG org.jboss.weld.Bootstrap - WELD-000106: Bean: Managed Bean [class io.egreen.erp.cheque.data.dto.ChequeModel] with qualifiers [@Any @Default]
2016-09-16 04:08:59.162 [main] DEBUG org.jboss.weld.Bootstrap - WELD-000106: Bean: WELD%AbstractBuiltInBean%org.jboss.weld.environment.deployment.WeldDeployment.synthetic%BoundRequestContext
2016-09-16 04:08:59.162 [main] DEBUG org.jboss.weld.Bootstrap - WELD-000106: Bean: Managed Bean [class io.egreen.erp.gsn.data.entity.OrderTransaction] with qualifiers [@Any @Default]
2016-09-16 04:08:59.163 [main] DEBUG org.jboss.weld.Bootstrap - WELD-000106: Bean: Implicit Bean [javax.enterprise.inject.Instance] with qualifiers [@Default]
2016-09-16 04:08:59.163 [main] DEBUG org.jboss.weld.Bootstrap - WELD-000106: Bean: Managed Bean [class io.egreen.erp.sale.api.SaleApiController] with qualifiers [@Any @Default]
2016-09-16 04:08:59.163 [main] DEBUG org.jboss.weld.Bootstrap - WELD-000106: Bean: Managed Bean [class io.egreen.erp.cheque.service.ChequeService] with qualifiers [@Any @Default]
2016-09-16 04:08:59.163 [main] DEBUG org.jboss.weld.Bootstrap - WELD-000106: Bean: Managed Bean [class io.egreen.erp.customer.service.CustomerService] with qualifiers [@Any @Default]
2016-09-16 04:08:59.163 [main] DEBUG org.jboss.weld.Bootstrap - WELD-000106: Bean: Managed Bean [class io.egreen.erp.SalesPlatform] with qualifiers [@Any @Default]
2016-09-16 04:08:59.164 [main] DEBUG org.jboss.weld.Bootstrap - WELD-000106: Bean: Managed Bean [class io.egreen.erp.supplier.service.SupplierService] with qualifiers [@Any @Default]
2016-09-16 04:08:59.164 [main] DEBUG org.jboss.weld.Bootstrap - WELD-000106: Bean: Managed Bean [class io.egreen.apistudio.bootstrap.ApiStudioContext] with qualifiers [@Any @Default]
2016-09-16 04:08:59.164 [main] DEBUG org.jboss.weld.Bootstrap - WELD-000106: Bean: Managed Bean [class io.egreen.apistudio.bootstrap.document.SwaggerModule] with qualifiers [@Any @Default]
2016-09-16 04:08:59.164 [main] DEBUG org.jboss.weld.Bootstrap - WELD-000106: Bean: Managed Bean [class io.egreen.erp.supplier.data.entity.Supplier] with qualifiers [@Any @Default]
2016-09-16 04:08:59.164 [main] DEBUG org.jboss.weld.Bootstrap - WELD-000106: Bean: Managed Bean [class io.egreen.erp.customer.db.dao.impl.CustomerDAOControllerImpl] with qualifiers [@Any @Default]
2016-09-16 04:08:59.164 [main] DEBUG org.jboss.weld.Bootstrap - WELD-000106: Bean: Managed Bean [class io.egreen.erp.payment.data.entity.PaymentModel] with qualifiers [@Any @Default]
2016-09-16 04:08:59.165 [main] DEBUG org.jboss.weld.Bootstrap - WELD-000106: Bean: Implicit Bean [javax.enterprise.inject.spi.Bean] with qualifiers [@Decorated]
2016-09-16 04:08:59.165 [main] DEBUG org.jboss.weld.Bootstrap - WELD-000106: Bean: WELD%AbstractBuiltInBean%org.jboss.weld.environment.deployment.WeldDeployment.synthetic%BoundConversationContext
2016-09-16 04:08:59.165 [main] DEBUG org.jboss.weld.Bootstrap - WELD-000106: Bean: Managed Bean [class io.egreen.erp.transaction.data.dao.impl.TransactionDAOImpl] with qualifiers [@Any @Default]
2016-09-16 04:08:59.165 [main] DEBUG org.jboss.weld.Bootstrap - WELD-000106: Bean: Implicit Bean [javax.enterprise.inject.spi.EventMetadata] with qualifiers [@Default]
2016-09-16 04:08:59.165 [main] DEBUG org.jboss.weld.Bootstrap - WELD-000106: Bean: WELD%AbstractBuiltInBean%org.jboss.weld.environment.deployment.WeldDeployment.synthetic%DependentContext
2016-09-16 04:08:59.165 [main] DEBUG org.jboss.weld.Bootstrap - WELD-000106: Bean: Managed Bean [class io.egreen.apistudio.bootstrap.auth.AuthenticationThirdParty] with qualifiers [@Any @Default]
2016-09-16 04:08:59.173 [main] DEBUG org.jboss.weld.Bootstrap - WELD-000156: AfterBeanDiscovery.addContext() called by org.jboss.weld.environment.se.WeldSEBeanRegistrant@ed52de for org.jboss.weld.environment.se.contexts.ThreadContext@1972dc7
2016-09-16 04:08:59.198 [main] DEBUG org.jboss.weld.Bootstrap - WELD-000106: Bean: Immutable Builder Bean [class org.jboss.weld.environment.se.WeldSEBeanRegistrant, types: Object, WeldContainer, qualifiers: @Any @Default]
2016-09-16 04:08:59.453 [main] DEBUG org.jboss.weld.Bootstrap - WELD-000100: Weld initialized. Validating beans
2016-09-16 04:08:59.558 [main] DEBUG org.jboss.weld.Reflection - WELD-000620: interface javax.enterprise.inject.Decorated is not declared @Target(METHOD, FIELD, PARAMETER, TYPE). Weld will use this annotation, however this may make the application unportable.
2016-09-16 04:08:59.562 [main] DEBUG org.jboss.weld.Reflection - WELD-000620: interface javax.enterprise.inject.Intercepted is not declared @Target(METHOD, FIELD, PARAMETER, TYPE). Weld will use this annotation, however this may make the application unportable.
2016-09-16 04:08:59.568 [main] INFO  org.jboss.weld.Bootstrap - WELD-ENV-002003: Weld SE container STATIC_INSTANCE initialized
2016-09-16 04:08:59.683 [main] INFO  io.egreen.apistudio.bootstrap.ApiStudioApplication - Start all components...
2016-09-16 04:08:59.795 [main] INFO  io.egreen.apistudio.bootstrap.ApiStudioServer - Working server..
2016-09-16 04:09:00.126 [main] INFO  io.egreen.apistudio.bootstrap.ApiStudioServer - Execution time is 5.83000 seconds
